<?xml version="1.0" encoding="UTF-8"?>
<testsuite xmlns:xsi="http://www.w3.org/2001/XMLSchema-instance" xsi:noNamespaceSchemaLocation="https://maven.apache.org/surefire/maven-surefire-plugin/xsd/surefire-test-report.xsd" name="bensmith.WordSearchTest" time="0.305" tests="43" errors="0" skipped="0" failures="0">
  <properties>
    <property name="sun.desktop" value="windows"/>
    <property name="awt.toolkit" value="sun.awt.windows.WToolkit"/>
    <property name="java.specification.version" value="12"/>
    <property name="sun.cpu.isalist" value="amd64"/>
    <property name="sun.jnu.encoding" value="Cp1252"/>
    <property name="java.class.path" value="C:\Users\BenjaminSmith\mav\Kata\target\test-classes;C:\Users\BenjaminSmith\mav\Kata\target\classes;C:\Users\BenjaminSmith\.m2\repository\junit\junit\4.11\junit-4.11.jar;C:\Users\BenjaminSmith\.m2\repository\org\hamcrest\hamcrest-core\1.3\hamcrest-core-1.3.jar;"/>
    <property name="java.vm.vendor" value="Oracle Corporation"/>
    <property name="sun.arch.data.model" value="64"/>
    <property name="user.variant" value=""/>
    <property name="java.vendor.url" value="https://java.oracle.com/"/>
    <property name="user.timezone" value="America/Chicago"/>
    <property name="os.name" value="Windows 10"/>
    <property name="java.vm.specification.version" value="12"/>
    <property name="sun.java.launcher" value="SUN_STANDARD"/>
    <property name="user.country" value="US"/>
    <property name="sun.boot.library.path" value="C:\Program Files\OpenJDK\jdk-12\bin"/>
    <property name="sun.java.command" value="C:\Users\BENJAM~1\AppData\Local\Temp\surefire16365064613938515433\surefirebooter10146234720536209776.jar C:\Users\BenjaminSmith\AppData\Local\Temp\surefire16365064613938515433 2020-04-29T09-41-25_400-jvmRun1 surefire2441944885995632799tmp surefire_07373567708927811906tmp"/>
    <property name="jdk.debug" value="release"/>
    <property name="surefire.test.class.path" value="C:\Users\BenjaminSmith\mav\Kata\target\test-classes;C:\Users\BenjaminSmith\mav\Kata\target\classes;C:\Users\BenjaminSmith\.m2\repository\junit\junit\4.11\junit-4.11.jar;C:\Users\BenjaminSmith\.m2\repository\org\hamcrest\hamcrest-core\1.3\hamcrest-core-1.3.jar;"/>
    <property name="sun.cpu.endian" value="little"/>
    <property name="user.home" value="C:\Users\BenjaminSmith"/>
    <property name="user.language" value="en"/>
    <property name="java.specification.vendor" value="Oracle Corporation"/>
    <property name="java.version.date" value="2019-03-19"/>
    <property name="java.home" value="C:\Program Files\OpenJDK\jdk-12"/>
    <property name="file.separator" value="\"/>
    <property name="basedir" value="C:\Users\BenjaminSmith\mav\Kata"/>
    <property name="java.vm.compressedOopsMode" value="Zero based"/>
    <property name="line.separator" value="&#10;"/>
    <property name="java.vm.specification.vendor" value="Oracle Corporation"/>
    <property name="java.specification.name" value="Java Platform API Specification"/>
    <property name="java.awt.graphicsenv" value="sun.awt.Win32GraphicsEnvironment"/>
    <property name="surefire.real.class.path" value="C:\Users\BENJAM~1\AppData\Local\Temp\surefire16365064613938515433\surefirebooter10146234720536209776.jar"/>
    <property name="user.script" value=""/>
    <property name="sun.management.compiler" value="HotSpot 64-Bit Tiered Compilers"/>
    <property name="java.runtime.version" value="12+33"/>
    <property name="user.name" value="BenjaminSmith"/>
    <property name="path.separator" value=";"/>
    <property name="os.version" value="10.0"/>
    <property name="java.runtime.name" value="OpenJDK Runtime Environment"/>
    <property name="file.encoding" value="Cp1252"/>
    <property name="java.vm.name" value="OpenJDK 64-Bit Server VM"/>
    <property name="localRepository" value="C:\Users\BenjaminSmith\.m2\repository"/>
    <property name="java.vendor.url.bug" value="https://bugreport.java.com/bugreport/"/>
    <property name="java.io.tmpdir" value="C:\Users\BENJAM~1\AppData\Local\Temp\"/>
    <property name="java.version" value="12"/>
    <property name="user.dir" value="C:\Users\BenjaminSmith\mav\Kata"/>
    <property name="os.arch" value="amd64"/>
    <property name="java.vm.specification.name" value="Java Virtual Machine Specification"/>
    <property name="sun.os.patch.level" value=""/>
    <property name="java.library.path" value="C:\Program Files\OpenJDK\jdk-12\bin;C:\WINDOWS\Sun\Java\bin;C:\WINDOWS\system32;C:\WINDOWS;C:\Program Files (x86)\Common Files\Intel\Shared Libraries\redist\intel64\compiler;C:\Program Files\Python37\Scripts\;C:\Program Files\Python37\;C:\Program Files (x86)\Common Files\Oracle\Java\javapath;C:\Program Files\Haskell\bin;C:\Program Files\Haskell Platform\8.2.1\lib\extralibs\bin;C:\Program Files\Haskell Platform\8.2.1\bin;C:\ProgramData\Oracle\Java\javapath;C:\texlive\2015\bin\win32;C:\Program Files (x86)\NVIDIA Corporation\PhysX\Common;C:\OCaml\bin;C:\WINDOWS\system32;C:\WINDOWS;C:\WINDOWS\System32\Wbem;C:\WINDOWS\System32\WindowsPowerShell\v1.0\;C:\Program Files (x86)\ATI Technologies\ATI.ACE\Core-Static;C:\Program Files\Microsoft SQL Server\110\Tools\Binn\;C:\Python33\;C:\Program Files (x86)\LINQPad4;C:\Program Files (x86)\GtkSharp\2.12\bin;C:\Program Files\jEdit;C:\Program Files\TortoiseSVN\bin;C:\Program Files (x86)\AMD\ATI.ACE\Core-Static;C:\Program Files (x86)\Common Files\Acronis\SnapAPI\;C:\Program Files\Common Files\Autodesk Shared\;C:\Program Files (x86)\Autodesk\Backburner\;C:\D\dmd2\windows\bin;C:\Program Files\Haskell Platform\8.2.1\mingw\bin;C:\Program Files\Git\cmd;C:\Program Files (x86)\Subversion\bin;C:\WINDOWS\System32\OpenSSH\;C:\Program Files\Microsoft VS Code\bin;C:\Go\bin;C:\Program Files\OpenJDK\jdk-12\bin;C:\Program Files\Java\jdk-10.0.2\bin;C:\Maven\apache-maven-3.6.3\bin;C:\Ruby27-x64\bin;C:\Users\BenjaminSmith\AppData\Roaming\cabal\bin;C:\Users\BenjaminSmith\AppData\Roaming\local\bin;C:\Users\BenjaminSmith\.cargo\bin;C:\Users\BenjaminSmith\.lein\self-installs;C:\Program Files\Microsoft VS Code\bin;C:\Users\BenjaminSmith\AppData\Local\Microsoft\WindowsApps;C:\Users\BenjaminSmith\go\bin;C:\Users\BenjaminSmith\AppData\Local\Programs\Microsoft VS Code\bin;C:\Users\BenjaminSmith\AppData\Local\Microsoft\WindowsApps;C:\Program Files\JetBrains\IntelliJ IDEA Community Edition 2019.3.4\bin;;C:\Maven\apache-maven-3.6.3\bin;;."/>
    <property name="java.vm.info" value="mixed mode, sharing"/>
    <property name="java.vendor" value="Oracle Corporation"/>
    <property name="java.vm.version" value="12+33"/>
    <property name="sun.io.unicode.encoding" value="UnicodeLittle"/>
    <property name="java.class.version" value="56.0"/>
  </properties>
  <testcase name="whenWordSearchIsCreatedWithoutAListOfWordsItHasAnEmptyWordList" classname="bensmith.WordSearchTest" time="0.016"/>
  <testcase name="whenSearchingForALongWordFindIt" classname="bensmith.WordSearchTest" time="0.008"/>
  <testcase name="whenAWordIsInTheListButNotTheGrid" classname="bensmith.WordSearchTest" time="0.009"/>
  <testcase name="whenSearchingMakeSureWordCanFit" classname="bensmith.WordSearchTest" time="0.007"/>
  <testcase name="whenEqualPositionPairsComparedTheyAreEqual" classname="bensmith.WordSearchTest" time="0.006"/>
  <testcase name="whenSearchingAColumnFindBones" classname="bensmith.WordSearchTest" time="0.006"/>
  <testcase name="whenSearchingVerticalReturnPositionPairStart" classname="bensmith.WordSearchTest" time="0.006"/>
  <testcase name="whenSearchingDiagonalDescendingFindSpock" classname="bensmith.WordSearchTest" time="0.006"/>
  <testcase name="dimensionGivesCorrectValue" classname="bensmith.WordSearchTest" time="0.006"/>
  <testcase name="whenWordFoundOutputEntireLocationReverseCases" classname="bensmith.WordSearchTest" time="0.008"/>
  <testcase name="whenWordSearchIsPassedATooShortFileANonNullIsCreated" classname="bensmith.WordSearchTest" time="0.005"/>
  <testcase name="reportStartingPositionPair" classname="bensmith.WordSearchTest" time="0.005"/>
  <testcase name="outputFromBigFileStates" classname="bensmith.WordSearchTest" time="0.006"/>
  <testcase name="whenSearchingHorizontalFindScotty" classname="bensmith.WordSearchTest" time="0.004"/>
  <testcase name="whenSearchingVerticalFindBones" classname="bensmith.WordSearchTest" time="0.004"/>
  <testcase name="whenAllWordsFoundCompleteOutput" classname="bensmith.WordSearchTest" time="0.007"/>
  <testcase name="whenSearchingARowHorizontalFindScotty" classname="bensmith.WordSearchTest" time="0.005"/>
  <testcase name="whenWordSearchIsPassedARealFileNameItDoesNotThrowAnException" classname="bensmith.WordSearchTest" time="0.004"/>
  <testcase name="obtainCorrectReverseOfWords" classname="bensmith.WordSearchTest" time="0.005"/>
  <testcase name="whenSearchingDiagonalDescendingReturnPositionPairStart" classname="bensmith.WordSearchTest" time="0.005"/>
  <testcase name="whenSearchingFindScottyOnlyInRow5" classname="bensmith.WordSearchTest" time="0.004"/>
  <testcase name="whenNonEqualPositionPairsComparedTheyAreNotEqual" classname="bensmith.WordSearchTest" time="0.005"/>
  <testcase name="whenSearchingAWordReportStartString" classname="bensmith.WordSearchTest" time="0.004"/>
  <testcase name="whenExampleFileIsGivenItCreatesAValidWordSearch" classname="bensmith.WordSearchTest" time="0.005"/>
  <testcase name="whenComparingLettersFindCorrectMatches" classname="bensmith.WordSearchTest" time="0.004"/>
  <testcase name="whenSearchingFindAllWords" classname="bensmith.WordSearchTest" time="0.005"/>
  <testcase name="whenSearchingDiagonalAscendingFindWord" classname="bensmith.WordSearchTest" time="0.004"/>
  <testcase name="whenWordSearchIsCreatedWithSpecificWordItIsInWordList" classname="bensmith.WordSearchTest" time="0.005"/>
  <testcase name="whenWordSearchIsCreatedWithMultipleWordsTheyAreAllInWordList" classname="bensmith.WordSearchTest" time="0.005"/>
  <testcase name="whenSearchingAWordReportStartStringReverse" classname="bensmith.WordSearchTest" time="0.005"/>
  <testcase name="whenSearchingDiagonalAscendingReturnPositionPairStart" classname="bensmith.WordSearchTest" time="0.004"/>
  <testcase name="whenSearchingARowHorizontalDontFindScotty" classname="bensmith.WordSearchTest" time="0.005"/>
  <testcase name="whenPositionPairsAreEqualTheyHaveSameHashcode" classname="bensmith.WordSearchTest" time="0.008"/>
  <testcase name="whenWordSearchIsCreatedWithAListOfWordsItHasANonEmptyWordList" classname="bensmith.WordSearchTest" time="0.005"/>
  <testcase name="whenFileHasANonEmptyGridItIsSquare" classname="bensmith.WordSearchTest" time="0.005"/>
  <testcase name="whenWordSearchIsPassedAFileNameNotFoundItThrowsFileNotFoundException" classname="bensmith.WordSearchTest" time="0.004"/>
  <testcase name="whenWordSearchFileHasNoGridItWillReturnEmptyGrid" classname="bensmith.WordSearchTest" time="0.005"/>
  <testcase name="whenSearchingHorizontalReturnPositionPairStart" classname="bensmith.WordSearchTest" time="0.004"/>
  <testcase name="whenFileHasAGridItReturnsNonEmptyGrid" classname="bensmith.WordSearchTest" time="0.005"/>
  <testcase name="whenFileHasANonEmptyGridItHasAnElementAt0x0" classname="bensmith.WordSearchTest" time="0.004"/>
  <testcase name="whenNonDiagonalCharacterRequestedItIsCorrectByConvention" classname="bensmith.WordSearchTest" time="0.005"/>
  <testcase name="whenWordFoundOutputEntireLocation" classname="bensmith.WordSearchTest" time="0.004"/>
  <testcase name="whenHorizontalFindInReverse" classname="bensmith.WordSearchTest" time="0.004"/>
</testsuite>